


ARM Macro Assembler    Page 1 


    1 00000000         ;=======================================================
                       ===================================
    2 00000000         ; Project:  
    3 00000000         ; Date:     
    4 00000000         ; Author:   
    5 00000000         ;~~~~~~~~~~~~~~~~~~~~~~~~~~~~~~~~~~~~~~~~~~~~~~~~~~~~~~~
                       ~~~~~~~~~~~~~~~~~~~~~~~~~~~~~~~~~~~
    6 00000000         ;
    7 00000000         ;  <inserire una breve descrizione del progetto>
    8 00000000         ;  
    9 00000000         ;  <specifiche del progetto>
   10 00000000         ;  <specifiche del collaudo>
   11 00000000         ;
   12 00000000         ; Ver   Date        Comment
   13 00000000         ;~~~~~~~~~~~~~~~~~~~~~~~~~~~~~~~~~~~~~~~~~~~~~~~~~~~~~~~
                       ~~~~~~~~~~~~~~~~~~~~~~~~~~~~~~~~~~~
   14 00000000         ; 1.0  01/01/01     Versione iniziale
   15 00000000         ; <Descrivere per ogni revisione o cambio di versione le
                        modifiche apportate>
   16 00000000         ; 
   17 00000000         ;=======================================================
                       ===================================
   18 00000000                 THUMB
   19 00000000         
   20 00000000         ;-------------------------------------------------------
                       -----------------------------------
   21 00000000         ;=== COSTANTI ==========================================
                       ===================================
   22 00000000         ;-------------------------------------------------------
                       -----------------------------------
   23 00000000 48000400 
                       GPIOB_MODER
                               EQU              0x48000400
   24 00000000 48000414 
                       GPIOB_ODR
                               EQU              0x48000414
   25 00000000 48001000 
                       GPIOE_MODER
                               EQU              0x48001000
   26 00000000 48001014 
                       GPIOE_ODR
                               EQU              0x48001014
   27 00000000 4002104C 
                       RCC_CR_AHB2
                               EQU              0X4002104C
   28 00000000         
   29 00000000 00000001 
                       PB2_PORT_AHB2_BIT
                               EQU              0x1
   30 00000000 00000005 
                       PB2_MODERH_BIT
                               EQU              0x5
   31 00000000 00000004 
                       PB2_MODERL_BIT
                               EQU              0x4
   32 00000000 00000002 
                       PB2_ODR_BIT
                               EQU              0x2
   33 00000000         



ARM Macro Assembler    Page 2 


   34 00000000         ;-------------------------------------------------------
                       -----------------------------------
   35 00000000         ;=== AREA ISTRUZIONI ===================================
                       ===================================
   36 00000000         ;-------------------------------------------------------
                       -----------------------------------
   37 00000000                 AREA             MyCode, CODE, READONLY
   38 00000000                 ALIGN
   39 00000000         ;------------------
   40 00000000         ; EXPORT/IMPORT
   41 00000000         ;------------------
   42 00000000                 EXPORT           __main
   43 00000000                 ENTRY
   44 00000000         
   45 00000000         ;-------------------------------------------------------
                       -----------------------------------
   46 00000000         ;=== MAIN ROUTINE ======================================
                       ===================================
   47 00000000         ;-------------------------------------------------------
                       -----------------------------------
   48 00000000         __main
   49 00000000         ; Inizializzazioni
   50 00000000         ;LedRossoInit
   51 00000000 4808            LDR              R0,=RCC_CR_AHB2
   52 00000002 6801            LDR              R1,[R0]
   53 00000004 F041 0102       ORR              R1,#1<<PB2_PORT_AHB2_BIT
   54 00000008 6001            STR              R1,[R0]
   55 0000000A 4807            LDR              R0,=GPIOB_MODER
   56 0000000C 6801            LDR              R1,[R0]
   57 0000000E F021 0120       BIC              R1,#1<<PB2_MODERH_BIT
   58 00000012 F041 0110       ORR              R1,#1<<PB2_MODERL_BIT
   59 00000016 6001            STR              R1,[R0]
   60 00000018         
   61 00000018         ; Autodiagnostica
   62 00000018         ; ----
   63 00000018         
   64 00000018         ; Loop infinito
   65 00000018         MainLoop
   66 00000018         ;LedRossoToggle
   67 00000018 4804            LDR              R0,=GPIOB_ODR
   68 0000001A 6801            LDR              R1,[R0]
   69 0000001C F081 0104       EOR              R1,#1<<PB2_ODR_BIT
   70 00000020 6001            STR              R1,[R0]
   71 00000022 E7F9            B                MainLoop
   72 00000024         ;-------------------------------------------------------
                       -----------------------------------
   73 00000024                 ALIGN
   74 00000024                 END
              4002104C 
              48000400 
              48000414 
Command Line: --debug --xref --diag_suppress=9931 --cpu=Cortex-M4.fp.sp --apcs=
interwork --depend=.\objects\main.d -o.\objects\main.o -I.\RTE\_STM32L476VGTx -
IC:\Users\filippo.bilardo\AppData\Local\Arm\Packs\ARM\CMSIS\5.8.0\CMSIS\Core\In
clude -IC:\Users\filippo.bilardo\AppData\Local\Arm\Packs\Keil\STM32L4xx_DFP\2.6
.1\Drivers\CMSIS\Device\ST\STM32L4xx\Include --predefine="__EVAL SETA 1" --pred
efine="__MICROLIB SETA 1" --predefine="__UVISION_VERSION SETA 536" --predefine=
"_RTE_ SETA 1" --predefine="STM32L476xx SETA 1" --predefine="_RTE_ SETA 1" --li
st=.\listings\main.lst ..\main.s



ARM Macro Assembler    Page 1 Alphabetic symbol ordering
Relocatable symbols

MainLoop 00000018

Symbol: MainLoop
   Definitions
      At line 65 in file ..\main.s
   Uses
      At line 71 in file ..\main.s
Comment: MainLoop used once
MyCode 00000000

Symbol: MyCode
   Definitions
      At line 37 in file ..\main.s
   Uses
      None
Comment: MyCode unused
__main 00000000

Symbol: __main
   Definitions
      At line 48 in file ..\main.s
   Uses
      At line 42 in file ..\main.s
Comment: __main used once
3 symbols



ARM Macro Assembler    Page 1 Alphabetic symbol ordering
Absolute symbols

GPIOB_MODER 48000400

Symbol: GPIOB_MODER
   Definitions
      At line 23 in file ..\main.s
   Uses
      At line 55 in file ..\main.s
Comment: GPIOB_MODER used once
GPIOB_ODR 48000414

Symbol: GPIOB_ODR
   Definitions
      At line 24 in file ..\main.s
   Uses
      At line 67 in file ..\main.s
Comment: GPIOB_ODR used once
GPIOE_MODER 48001000

Symbol: GPIOE_MODER
   Definitions
      At line 25 in file ..\main.s
   Uses
      None
Comment: GPIOE_MODER unused
GPIOE_ODR 48001014

Symbol: GPIOE_ODR
   Definitions
      At line 26 in file ..\main.s
   Uses
      None
Comment: GPIOE_ODR unused
PB2_MODERH_BIT 00000005

Symbol: PB2_MODERH_BIT
   Definitions
      At line 30 in file ..\main.s
   Uses
      At line 57 in file ..\main.s
Comment: PB2_MODERH_BIT used once
PB2_MODERL_BIT 00000004

Symbol: PB2_MODERL_BIT
   Definitions
      At line 31 in file ..\main.s
   Uses
      At line 58 in file ..\main.s
Comment: PB2_MODERL_BIT used once
PB2_ODR_BIT 00000002

Symbol: PB2_ODR_BIT
   Definitions
      At line 32 in file ..\main.s
   Uses
      At line 69 in file ..\main.s
Comment: PB2_ODR_BIT used once
PB2_PORT_AHB2_BIT 00000001

Symbol: PB2_PORT_AHB2_BIT



ARM Macro Assembler    Page 2 Alphabetic symbol ordering
Absolute symbols

   Definitions
      At line 29 in file ..\main.s
   Uses
      At line 53 in file ..\main.s
Comment: PB2_PORT_AHB2_BIT used once
RCC_CR_AHB2 4002104C

Symbol: RCC_CR_AHB2
   Definitions
      At line 27 in file ..\main.s
   Uses
      At line 51 in file ..\main.s
Comment: RCC_CR_AHB2 used once
9 symbols
350 symbols in table
